<?xml version="1.0" encoding="UTF-8"?>
<testsuite xmlns:xsi="http://www.w3.org/2001/XMLSchema-instance" xsi:noNamespaceSchemaLocation="https://maven.apache.org/surefire/maven-surefire-plugin/xsd/surefire-test-report-3.0.xsd" version="3.0" name="market.controller.backend.ProductControllerTest" time="1.169" tests="7" errors="0" skipped="0" failures="0">
  <properties>
    <property name="sun.desktop" value="gnome"/>
    <property name="awt.toolkit" value="sun.awt.X11.XToolkit"/>
    <property name="java.specification.version" value="11"/>
    <property name="sun.cpu.isalist" value=""/>
    <property name="sun.jnu.encoding" value="UTF-8"/>
    <property name="java.class.path" value="/home/daniela/Downloads/EMB-master/jdk_11_maven/cs/rest-gui/market/market-web/target/test-classes:/home/daniela/Downloads/EMB-master/jdk_11_maven/cs/rest-gui/market/market-web/target/classes:/home/daniela/Downloads/EMB-master/jdk_11_maven/cs/rest-gui/market/market-core/target/market-core-0.1.2.jar:/home/daniela/.m2/repository/com/h2database/h2/1.4.200/h2-1.4.200.jar:/home/daniela/.m2/repository/org/postgresql/postgresql/42.2.18/postgresql-42.2.18.jar:/home/daniela/.m2/repository/org/checkerframework/checker-qual/3.5.0/checker-qual-3.5.0.jar:/home/daniela/.m2/repository/javax/servlet/javax.servlet-api/4.0.1/javax.servlet-api-4.0.1.jar:/home/daniela/.m2/repository/org/springframework/hateoas/spring-hateoas/1.2.4/spring-hateoas-1.2.4.jar:/home/daniela/.m2/repository/org/springframework/spring-aop/5.3.4/spring-aop-5.3.4.jar:/home/daniela/.m2/repository/org/springframework/spring-beans/5.3.4/spring-beans-5.3.4.jar:/home/daniela/.m2/repository/org/springframework/spring-context/5.3.4/spring-context-5.3.4.jar:/home/daniela/.m2/repository/org/springframework/plugin/spring-plugin-core/2.0.0.RELEASE/spring-plugin-core-2.0.0.RELEASE.jar:/home/daniela/.m2/repository/com/jayway/jsonpath/json-path/2.4.0/json-path-2.4.0.jar:/home/daniela/.m2/repository/net/minidev/json-smart/2.3/json-smart-2.3.jar:/home/daniela/.m2/repository/net/minidev/accessors-smart/1.2/accessors-smart-1.2.jar:/home/daniela/.m2/repository/org/ow2/asm/asm/5.0.4/asm-5.0.4.jar:/home/daniela/.m2/repository/org/springframework/boot/spring-boot-starter-data-jpa/2.4.3/spring-boot-starter-data-jpa-2.4.3.jar:/home/daniela/.m2/repository/org/springframework/boot/spring-boot-starter-aop/2.4.3/spring-boot-starter-aop-2.4.3.jar:/home/daniela/.m2/repository/org/aspectj/aspectjweaver/1.9.6/aspectjweaver-1.9.6.jar:/home/daniela/.m2/repository/jakarta/transaction/jakarta.transaction-api/1.3.3/jakarta.transaction-api-1.3.3.jar:/home/daniela/.m2/repository/jakarta/persistence/jakarta.persistence-api/2.2.3/jakarta.persistence-api-2.2.3.jar:/home/daniela/.m2/repository/org/hibernate/hibernate-core/5.4.28.Final/hibernate-core-5.4.28.Final.jar:/home/daniela/.m2/repository/org/jboss/logging/jboss-logging/3.4.1.Final/jboss-logging-3.4.1.Final.jar:/home/daniela/.m2/repository/org/javassist/javassist/3.27.0-GA/javassist-3.27.0-GA.jar:/home/daniela/.m2/repository/net/bytebuddy/byte-buddy/1.10.20/byte-buddy-1.10.20.jar:/home/daniela/.m2/repository/antlr/antlr/2.7.7/antlr-2.7.7.jar:/home/daniela/.m2/repository/org/jboss/jandex/2.2.3.Final/jandex-2.2.3.Final.jar:/home/daniela/.m2/repository/com/fasterxml/classmate/1.5.1/classmate-1.5.1.jar:/home/daniela/.m2/repository/org/dom4j/dom4j/2.1.3/dom4j-2.1.3.jar:/home/daniela/.m2/repository/org/hibernate/common/hibernate-commons-annotations/5.1.2.Final/hibernate-commons-annotations-5.1.2.Final.jar:/home/daniela/.m2/repository/org/glassfish/jaxb/jaxb-runtime/2.3.3/jaxb-runtime-2.3.3.jar:/home/daniela/.m2/repository/org/glassfish/jaxb/txw2/2.3.3/txw2-2.3.3.jar:/home/daniela/.m2/repository/com/sun/istack/istack-commons-runtime/3.0.11/istack-commons-runtime-3.0.11.jar:/home/daniela/.m2/repository/com/sun/activation/jakarta.activation/1.2.2/jakarta.activation-1.2.2.jar:/home/daniela/.m2/repository/org/springframework/data/spring-data-jpa/2.4.5/spring-data-jpa-2.4.5.jar:/home/daniela/.m2/repository/org/springframework/data/spring-data-commons/2.4.5/spring-data-commons-2.4.5.jar:/home/daniela/.m2/repository/org/springframework/spring-orm/5.3.4/spring-orm-5.3.4.jar:/home/daniela/.m2/repository/org/springframework/spring-tx/5.3.4/spring-tx-5.3.4.jar:/home/daniela/.m2/repository/org/springframework/spring-aspects/5.3.4/spring-aspects-5.3.4.jar:/home/daniela/.m2/repository/org/springframework/boot/spring-boot-starter-jdbc/2.4.3/spring-boot-starter-jdbc-2.4.3.jar:/home/daniela/.m2/repository/com/zaxxer/HikariCP/3.4.5/HikariCP-3.4.5.jar:/home/daniela/.m2/repository/org/springframework/spring-jdbc/5.3.4/spring-jdbc-5.3.4.jar:/home/daniela/.m2/repository/org/springframework/boot/spring-boot-starter-security/2.4.3/spring-boot-starter-security-2.4.3.jar:/home/daniela/.m2/repository/org/springframework/security/spring-security-config/5.4.5/spring-security-config-5.4.5.jar:/home/daniela/.m2/repository/org/springframework/security/spring-security-core/5.4.5/spring-security-core-5.4.5.jar:/home/daniela/.m2/repository/org/springframework/security/spring-security-web/5.4.5/spring-security-web-5.4.5.jar:/home/daniela/.m2/repository/org/springframework/boot/spring-boot-starter-validation/2.4.3/spring-boot-starter-validation-2.4.3.jar:/home/daniela/.m2/repository/org/glassfish/jakarta.el/3.0.3/jakarta.el-3.0.3.jar:/home/daniela/.m2/repository/org/hibernate/validator/hibernate-validator/6.1.7.Final/hibernate-validator-6.1.7.Final.jar:/home/daniela/.m2/repository/jakarta/validation/jakarta.validation-api/2.0.2/jakarta.validation-api-2.0.2.jar:/home/daniela/.m2/repository/org/springframework/boot/spring-boot-starter-test/2.4.3/spring-boot-starter-test-2.4.3.jar:/home/daniela/.m2/repository/org/springframework/boot/spring-boot-test/2.4.3/spring-boot-test-2.4.3.jar:/home/daniela/.m2/repository/org/springframework/boot/spring-boot-test-autoconfigure/2.4.3/spring-boot-test-autoconfigure-2.4.3.jar:/home/daniela/.m2/repository/jakarta/xml/bind/jakarta.xml.bind-api/2.3.3/jakarta.xml.bind-api-2.3.3.jar:/home/daniela/.m2/repository/jakarta/activation/jakarta.activation-api/1.2.2/jakarta.activation-api-1.2.2.jar:/home/daniela/.m2/repository/org/assertj/assertj-core/3.18.1/assertj-core-3.18.1.jar:/home/daniela/.m2/repository/org/hamcrest/hamcrest/2.2/hamcrest-2.2.jar:/home/daniela/.m2/repository/org/junit/jupiter/junit-jupiter/5.7.1/junit-jupiter-5.7.1.jar:/home/daniela/.m2/repository/org/junit/jupiter/junit-jupiter-api/5.7.1/junit-jupiter-api-5.7.1.jar:/home/daniela/.m2/repository/org/apiguardian/apiguardian-api/1.1.0/apiguardian-api-1.1.0.jar:/home/daniela/.m2/repository/org/opentest4j/opentest4j/1.2.0/opentest4j-1.2.0.jar:/home/daniela/.m2/repository/org/junit/platform/junit-platform-commons/1.7.1/junit-platform-commons-1.7.1.jar:/home/daniela/.m2/repository/org/junit/jupiter/junit-jupiter-params/5.7.1/junit-jupiter-params-5.7.1.jar:/home/daniela/.m2/repository/org/junit/jupiter/junit-jupiter-engine/5.7.1/junit-jupiter-engine-5.7.1.jar:/home/daniela/.m2/repository/org/junit/platform/junit-platform-engine/1.7.1/junit-platform-engine-1.7.1.jar:/home/daniela/.m2/repository/org/mockito/mockito-core/3.6.28/mockito-core-3.6.28.jar:/home/daniela/.m2/repository/net/bytebuddy/byte-buddy-agent/1.10.20/byte-buddy-agent-1.10.20.jar:/home/daniela/.m2/repository/org/objenesis/objenesis/3.1/objenesis-3.1.jar:/home/daniela/.m2/repository/org/mockito/mockito-junit-jupiter/3.6.28/mockito-junit-jupiter-3.6.28.jar:/home/daniela/.m2/repository/org/skyscreamer/jsonassert/1.5.0/jsonassert-1.5.0.jar:/home/daniela/.m2/repository/com/vaadin/external/google/android-json/0.0.20131108.vaadin1/android-json-0.0.20131108.vaadin1.jar:/home/daniela/.m2/repository/org/springframework/spring-test/5.3.4/spring-test-5.3.4.jar:/home/daniela/.m2/repository/org/xmlunit/xmlunit-core/2.7.0/xmlunit-core-2.7.0.jar:/home/daniela/.m2/repository/org/springframework/boot/spring-boot-starter-web/2.4.3/spring-boot-starter-web-2.4.3.jar:/home/daniela/.m2/repository/org/springframework/boot/spring-boot-starter-json/2.4.3/spring-boot-starter-json-2.4.3.jar:/home/daniela/.m2/repository/com/fasterxml/jackson/core/jackson-databind/2.11.4/jackson-databind-2.11.4.jar:/home/daniela/.m2/repository/com/fasterxml/jackson/core/jackson-annotations/2.11.4/jackson-annotations-2.11.4.jar:/home/daniela/.m2/repository/com/fasterxml/jackson/core/jackson-core/2.11.4/jackson-core-2.11.4.jar:/home/daniela/.m2/repository/com/fasterxml/jackson/datatype/jackson-datatype-jdk8/2.11.4/jackson-datatype-jdk8-2.11.4.jar:/home/daniela/.m2/repository/com/fasterxml/jackson/datatype/jackson-datatype-jsr310/2.11.4/jackson-datatype-jsr310-2.11.4.jar:/home/daniela/.m2/repository/com/fasterxml/jackson/module/jackson-module-parameter-names/2.11.4/jackson-module-parameter-names-2.11.4.jar:/home/daniela/.m2/repository/org/springframework/boot/spring-boot-starter-tomcat/2.4.3/spring-boot-starter-tomcat-2.4.3.jar:/home/daniela/.m2/repository/org/apache/tomcat/embed/tomcat-embed-core/9.0.43/tomcat-embed-core-9.0.43.jar:/home/daniela/.m2/repository/org/apache/tomcat/embed/tomcat-embed-websocket/9.0.43/tomcat-embed-websocket-9.0.43.jar:/home/daniela/.m2/repository/org/springframework/spring-web/5.3.4/spring-web-5.3.4.jar:/home/daniela/.m2/repository/org/springframework/spring-webmvc/5.3.4/spring-webmvc-5.3.4.jar:/home/daniela/.m2/repository/org/springframework/spring-expression/5.3.4/spring-expression-5.3.4.jar:/home/daniela/.m2/repository/org/springframework/boot/spring-boot-starter-thymeleaf/2.4.3/spring-boot-starter-thymeleaf-2.4.3.jar:/home/daniela/.m2/repository/org/thymeleaf/thymeleaf-spring5/3.0.12.RELEASE/thymeleaf-spring5-3.0.12.RELEASE.jar:/home/daniela/.m2/repository/org/thymeleaf/thymeleaf/3.0.12.RELEASE/thymeleaf-3.0.12.RELEASE.jar:/home/daniela/.m2/repository/org/attoparser/attoparser/2.0.5.RELEASE/attoparser-2.0.5.RELEASE.jar:/home/daniela/.m2/repository/org/unbescape/unbescape/1.1.6.RELEASE/unbescape-1.1.6.RELEASE.jar:/home/daniela/.m2/repository/org/thymeleaf/extras/thymeleaf-extras-java8time/3.0.4.RELEASE/thymeleaf-extras-java8time-3.0.4.RELEASE.jar:/home/daniela/.m2/repository/org/thymeleaf/extras/thymeleaf-extras-springsecurity5/3.0.4.RELEASE/thymeleaf-extras-springsecurity5-3.0.4.RELEASE.jar:/home/daniela/.m2/repository/org/slf4j/slf4j-api/1.7.30/slf4j-api-1.7.30.jar:/home/daniela/.m2/repository/org/springframework/boot/spring-boot-starter/2.4.3/spring-boot-starter-2.4.3.jar:/home/daniela/.m2/repository/org/springframework/boot/spring-boot/2.4.3/spring-boot-2.4.3.jar:/home/daniela/.m2/repository/org/springframework/boot/spring-boot-autoconfigure/2.4.3/spring-boot-autoconfigure-2.4.3.jar:/home/daniela/.m2/repository/jakarta/annotation/jakarta.annotation-api/1.3.5/jakarta.annotation-api-1.3.5.jar:/home/daniela/.m2/repository/org/springframework/spring-core/5.3.4/spring-core-5.3.4.jar:/home/daniela/.m2/repository/org/springframework/spring-jcl/5.3.4/spring-jcl-5.3.4.jar:/home/daniela/.m2/repository/org/yaml/snakeyaml/1.27/snakeyaml-1.27.jar:/home/daniela/.m2/repository/org/springframework/boot/spring-boot-starter-log4j2/2.4.3/spring-boot-starter-log4j2-2.4.3.jar:/home/daniela/.m2/repository/org/apache/logging/log4j/log4j-slf4j-impl/2.13.3/log4j-slf4j-impl-2.13.3.jar:/home/daniela/.m2/repository/org/apache/logging/log4j/log4j-api/2.13.3/log4j-api-2.13.3.jar:/home/daniela/.m2/repository/org/apache/logging/log4j/log4j-core/2.13.3/log4j-core-2.13.3.jar:/home/daniela/.m2/repository/org/apache/logging/log4j/log4j-jul/2.13.3/log4j-jul-2.13.3.jar:/home/daniela/.m2/repository/org/slf4j/jul-to-slf4j/1.7.30/jul-to-slf4j-1.7.30.jar:/home/daniela/.m2/repository/com/lmax/disruptor/3.4.2/disruptor-3.4.2.jar:/home/daniela/.m2/repository/org/springframework/boot/spring-boot-devtools/2.4.3/spring-boot-devtools-2.4.3.jar:"/>
    <property name="java.vm.vendor" value="Eclipse Adoptium"/>
    <property name="sun.arch.data.model" value="64"/>
    <property name="java.vendor.url" value="https://adoptium.net/"/>
    <property name="user.timezone" value="Europe/Rome"/>
    <property name="java.vm.specification.version" value="11"/>
    <property name="os.name" value="Linux"/>
    <property name="sun.java.launcher" value="SUN_STANDARD"/>
    <property name="user.country" value="US"/>
    <property name="sun.boot.library.path" value="/home/daniela/.sdkman/candidates/java/11.0.25-tem/lib"/>
    <property name="sun.java.command" value="/home/daniela/Downloads/EMB-master/jdk_11_maven/cs/rest-gui/market/market-web/target/surefire/surefirebooter10949726026689993173.jar /home/daniela/Downloads/EMB-master/jdk_11_maven/cs/rest-gui/market/market-web/target/surefire 2025-01-25T16-17-47_536-jvmRun1 surefire9614126760829111203tmp surefire_07909475679811361509tmp"/>
    <property name="jdk.debug" value="release"/>
    <property name="surefire.test.class.path" value="/home/daniela/Downloads/EMB-master/jdk_11_maven/cs/rest-gui/market/market-web/target/test-classes:/home/daniela/Downloads/EMB-master/jdk_11_maven/cs/rest-gui/market/market-web/target/classes:/home/daniela/Downloads/EMB-master/jdk_11_maven/cs/rest-gui/market/market-core/target/market-core-0.1.2.jar:/home/daniela/.m2/repository/com/h2database/h2/1.4.200/h2-1.4.200.jar:/home/daniela/.m2/repository/org/postgresql/postgresql/42.2.18/postgresql-42.2.18.jar:/home/daniela/.m2/repository/org/checkerframework/checker-qual/3.5.0/checker-qual-3.5.0.jar:/home/daniela/.m2/repository/javax/servlet/javax.servlet-api/4.0.1/javax.servlet-api-4.0.1.jar:/home/daniela/.m2/repository/org/springframework/hateoas/spring-hateoas/1.2.4/spring-hateoas-1.2.4.jar:/home/daniela/.m2/repository/org/springframework/spring-aop/5.3.4/spring-aop-5.3.4.jar:/home/daniela/.m2/repository/org/springframework/spring-beans/5.3.4/spring-beans-5.3.4.jar:/home/daniela/.m2/repository/org/springframework/spring-context/5.3.4/spring-context-5.3.4.jar:/home/daniela/.m2/repository/org/springframework/plugin/spring-plugin-core/2.0.0.RELEASE/spring-plugin-core-2.0.0.RELEASE.jar:/home/daniela/.m2/repository/com/jayway/jsonpath/json-path/2.4.0/json-path-2.4.0.jar:/home/daniela/.m2/repository/net/minidev/json-smart/2.3/json-smart-2.3.jar:/home/daniela/.m2/repository/net/minidev/accessors-smart/1.2/accessors-smart-1.2.jar:/home/daniela/.m2/repository/org/ow2/asm/asm/5.0.4/asm-5.0.4.jar:/home/daniela/.m2/repository/org/springframework/boot/spring-boot-starter-data-jpa/2.4.3/spring-boot-starter-data-jpa-2.4.3.jar:/home/daniela/.m2/repository/org/springframework/boot/spring-boot-starter-aop/2.4.3/spring-boot-starter-aop-2.4.3.jar:/home/daniela/.m2/repository/org/aspectj/aspectjweaver/1.9.6/aspectjweaver-1.9.6.jar:/home/daniela/.m2/repository/jakarta/transaction/jakarta.transaction-api/1.3.3/jakarta.transaction-api-1.3.3.jar:/home/daniela/.m2/repository/jakarta/persistence/jakarta.persistence-api/2.2.3/jakarta.persistence-api-2.2.3.jar:/home/daniela/.m2/repository/org/hibernate/hibernate-core/5.4.28.Final/hibernate-core-5.4.28.Final.jar:/home/daniela/.m2/repository/org/jboss/logging/jboss-logging/3.4.1.Final/jboss-logging-3.4.1.Final.jar:/home/daniela/.m2/repository/org/javassist/javassist/3.27.0-GA/javassist-3.27.0-GA.jar:/home/daniela/.m2/repository/net/bytebuddy/byte-buddy/1.10.20/byte-buddy-1.10.20.jar:/home/daniela/.m2/repository/antlr/antlr/2.7.7/antlr-2.7.7.jar:/home/daniela/.m2/repository/org/jboss/jandex/2.2.3.Final/jandex-2.2.3.Final.jar:/home/daniela/.m2/repository/com/fasterxml/classmate/1.5.1/classmate-1.5.1.jar:/home/daniela/.m2/repository/org/dom4j/dom4j/2.1.3/dom4j-2.1.3.jar:/home/daniela/.m2/repository/org/hibernate/common/hibernate-commons-annotations/5.1.2.Final/hibernate-commons-annotations-5.1.2.Final.jar:/home/daniela/.m2/repository/org/glassfish/jaxb/jaxb-runtime/2.3.3/jaxb-runtime-2.3.3.jar:/home/daniela/.m2/repository/org/glassfish/jaxb/txw2/2.3.3/txw2-2.3.3.jar:/home/daniela/.m2/repository/com/sun/istack/istack-commons-runtime/3.0.11/istack-commons-runtime-3.0.11.jar:/home/daniela/.m2/repository/com/sun/activation/jakarta.activation/1.2.2/jakarta.activation-1.2.2.jar:/home/daniela/.m2/repository/org/springframework/data/spring-data-jpa/2.4.5/spring-data-jpa-2.4.5.jar:/home/daniela/.m2/repository/org/springframework/data/spring-data-commons/2.4.5/spring-data-commons-2.4.5.jar:/home/daniela/.m2/repository/org/springframework/spring-orm/5.3.4/spring-orm-5.3.4.jar:/home/daniela/.m2/repository/org/springframework/spring-tx/5.3.4/spring-tx-5.3.4.jar:/home/daniela/.m2/repository/org/springframework/spring-aspects/5.3.4/spring-aspects-5.3.4.jar:/home/daniela/.m2/repository/org/springframework/boot/spring-boot-starter-jdbc/2.4.3/spring-boot-starter-jdbc-2.4.3.jar:/home/daniela/.m2/repository/com/zaxxer/HikariCP/3.4.5/HikariCP-3.4.5.jar:/home/daniela/.m2/repository/org/springframework/spring-jdbc/5.3.4/spring-jdbc-5.3.4.jar:/home/daniela/.m2/repository/org/springframework/boot/spring-boot-starter-security/2.4.3/spring-boot-starter-security-2.4.3.jar:/home/daniela/.m2/repository/org/springframework/security/spring-security-config/5.4.5/spring-security-config-5.4.5.jar:/home/daniela/.m2/repository/org/springframework/security/spring-security-core/5.4.5/spring-security-core-5.4.5.jar:/home/daniela/.m2/repository/org/springframework/security/spring-security-web/5.4.5/spring-security-web-5.4.5.jar:/home/daniela/.m2/repository/org/springframework/boot/spring-boot-starter-validation/2.4.3/spring-boot-starter-validation-2.4.3.jar:/home/daniela/.m2/repository/org/glassfish/jakarta.el/3.0.3/jakarta.el-3.0.3.jar:/home/daniela/.m2/repository/org/hibernate/validator/hibernate-validator/6.1.7.Final/hibernate-validator-6.1.7.Final.jar:/home/daniela/.m2/repository/jakarta/validation/jakarta.validation-api/2.0.2/jakarta.validation-api-2.0.2.jar:/home/daniela/.m2/repository/org/springframework/boot/spring-boot-starter-test/2.4.3/spring-boot-starter-test-2.4.3.jar:/home/daniela/.m2/repository/org/springframework/boot/spring-boot-test/2.4.3/spring-boot-test-2.4.3.jar:/home/daniela/.m2/repository/org/springframework/boot/spring-boot-test-autoconfigure/2.4.3/spring-boot-test-autoconfigure-2.4.3.jar:/home/daniela/.m2/repository/jakarta/xml/bind/jakarta.xml.bind-api/2.3.3/jakarta.xml.bind-api-2.3.3.jar:/home/daniela/.m2/repository/jakarta/activation/jakarta.activation-api/1.2.2/jakarta.activation-api-1.2.2.jar:/home/daniela/.m2/repository/org/assertj/assertj-core/3.18.1/assertj-core-3.18.1.jar:/home/daniela/.m2/repository/org/hamcrest/hamcrest/2.2/hamcrest-2.2.jar:/home/daniela/.m2/repository/org/junit/jupiter/junit-jupiter/5.7.1/junit-jupiter-5.7.1.jar:/home/daniela/.m2/repository/org/junit/jupiter/junit-jupiter-api/5.7.1/junit-jupiter-api-5.7.1.jar:/home/daniela/.m2/repository/org/apiguardian/apiguardian-api/1.1.0/apiguardian-api-1.1.0.jar:/home/daniela/.m2/repository/org/opentest4j/opentest4j/1.2.0/opentest4j-1.2.0.jar:/home/daniela/.m2/repository/org/junit/platform/junit-platform-commons/1.7.1/junit-platform-commons-1.7.1.jar:/home/daniela/.m2/repository/org/junit/jupiter/junit-jupiter-params/5.7.1/junit-jupiter-params-5.7.1.jar:/home/daniela/.m2/repository/org/junit/jupiter/junit-jupiter-engine/5.7.1/junit-jupiter-engine-5.7.1.jar:/home/daniela/.m2/repository/org/junit/platform/junit-platform-engine/1.7.1/junit-platform-engine-1.7.1.jar:/home/daniela/.m2/repository/org/mockito/mockito-core/3.6.28/mockito-core-3.6.28.jar:/home/daniela/.m2/repository/net/bytebuddy/byte-buddy-agent/1.10.20/byte-buddy-agent-1.10.20.jar:/home/daniela/.m2/repository/org/objenesis/objenesis/3.1/objenesis-3.1.jar:/home/daniela/.m2/repository/org/mockito/mockito-junit-jupiter/3.6.28/mockito-junit-jupiter-3.6.28.jar:/home/daniela/.m2/repository/org/skyscreamer/jsonassert/1.5.0/jsonassert-1.5.0.jar:/home/daniela/.m2/repository/com/vaadin/external/google/android-json/0.0.20131108.vaadin1/android-json-0.0.20131108.vaadin1.jar:/home/daniela/.m2/repository/org/springframework/spring-test/5.3.4/spring-test-5.3.4.jar:/home/daniela/.m2/repository/org/xmlunit/xmlunit-core/2.7.0/xmlunit-core-2.7.0.jar:/home/daniela/.m2/repository/org/springframework/boot/spring-boot-starter-web/2.4.3/spring-boot-starter-web-2.4.3.jar:/home/daniela/.m2/repository/org/springframework/boot/spring-boot-starter-json/2.4.3/spring-boot-starter-json-2.4.3.jar:/home/daniela/.m2/repository/com/fasterxml/jackson/core/jackson-databind/2.11.4/jackson-databind-2.11.4.jar:/home/daniela/.m2/repository/com/fasterxml/jackson/core/jackson-annotations/2.11.4/jackson-annotations-2.11.4.jar:/home/daniela/.m2/repository/com/fasterxml/jackson/core/jackson-core/2.11.4/jackson-core-2.11.4.jar:/home/daniela/.m2/repository/com/fasterxml/jackson/datatype/jackson-datatype-jdk8/2.11.4/jackson-datatype-jdk8-2.11.4.jar:/home/daniela/.m2/repository/com/fasterxml/jackson/datatype/jackson-datatype-jsr310/2.11.4/jackson-datatype-jsr310-2.11.4.jar:/home/daniela/.m2/repository/com/fasterxml/jackson/module/jackson-module-parameter-names/2.11.4/jackson-module-parameter-names-2.11.4.jar:/home/daniela/.m2/repository/org/springframework/boot/spring-boot-starter-tomcat/2.4.3/spring-boot-starter-tomcat-2.4.3.jar:/home/daniela/.m2/repository/org/apache/tomcat/embed/tomcat-embed-core/9.0.43/tomcat-embed-core-9.0.43.jar:/home/daniela/.m2/repository/org/apache/tomcat/embed/tomcat-embed-websocket/9.0.43/tomcat-embed-websocket-9.0.43.jar:/home/daniela/.m2/repository/org/springframework/spring-web/5.3.4/spring-web-5.3.4.jar:/home/daniela/.m2/repository/org/springframework/spring-webmvc/5.3.4/spring-webmvc-5.3.4.jar:/home/daniela/.m2/repository/org/springframework/spring-expression/5.3.4/spring-expression-5.3.4.jar:/home/daniela/.m2/repository/org/springframework/boot/spring-boot-starter-thymeleaf/2.4.3/spring-boot-starter-thymeleaf-2.4.3.jar:/home/daniela/.m2/repository/org/thymeleaf/thymeleaf-spring5/3.0.12.RELEASE/thymeleaf-spring5-3.0.12.RELEASE.jar:/home/daniela/.m2/repository/org/thymeleaf/thymeleaf/3.0.12.RELEASE/thymeleaf-3.0.12.RELEASE.jar:/home/daniela/.m2/repository/org/attoparser/attoparser/2.0.5.RELEASE/attoparser-2.0.5.RELEASE.jar:/home/daniela/.m2/repository/org/unbescape/unbescape/1.1.6.RELEASE/unbescape-1.1.6.RELEASE.jar:/home/daniela/.m2/repository/org/thymeleaf/extras/thymeleaf-extras-java8time/3.0.4.RELEASE/thymeleaf-extras-java8time-3.0.4.RELEASE.jar:/home/daniela/.m2/repository/org/thymeleaf/extras/thymeleaf-extras-springsecurity5/3.0.4.RELEASE/thymeleaf-extras-springsecurity5-3.0.4.RELEASE.jar:/home/daniela/.m2/repository/org/slf4j/slf4j-api/1.7.30/slf4j-api-1.7.30.jar:/home/daniela/.m2/repository/org/springframework/boot/spring-boot-starter/2.4.3/spring-boot-starter-2.4.3.jar:/home/daniela/.m2/repository/org/springframework/boot/spring-boot/2.4.3/spring-boot-2.4.3.jar:/home/daniela/.m2/repository/org/springframework/boot/spring-boot-autoconfigure/2.4.3/spring-boot-autoconfigure-2.4.3.jar:/home/daniela/.m2/repository/jakarta/annotation/jakarta.annotation-api/1.3.5/jakarta.annotation-api-1.3.5.jar:/home/daniela/.m2/repository/org/springframework/spring-core/5.3.4/spring-core-5.3.4.jar:/home/daniela/.m2/repository/org/springframework/spring-jcl/5.3.4/spring-jcl-5.3.4.jar:/home/daniela/.m2/repository/org/yaml/snakeyaml/1.27/snakeyaml-1.27.jar:/home/daniela/.m2/repository/org/springframework/boot/spring-boot-starter-log4j2/2.4.3/spring-boot-starter-log4j2-2.4.3.jar:/home/daniela/.m2/repository/org/apache/logging/log4j/log4j-slf4j-impl/2.13.3/log4j-slf4j-impl-2.13.3.jar:/home/daniela/.m2/repository/org/apache/logging/log4j/log4j-api/2.13.3/log4j-api-2.13.3.jar:/home/daniela/.m2/repository/org/apache/logging/log4j/log4j-core/2.13.3/log4j-core-2.13.3.jar:/home/daniela/.m2/repository/org/apache/logging/log4j/log4j-jul/2.13.3/log4j-jul-2.13.3.jar:/home/daniela/.m2/repository/org/slf4j/jul-to-slf4j/1.7.30/jul-to-slf4j-1.7.30.jar:/home/daniela/.m2/repository/com/lmax/disruptor/3.4.2/disruptor-3.4.2.jar:/home/daniela/.m2/repository/org/springframework/boot/spring-boot-devtools/2.4.3/spring-boot-devtools-2.4.3.jar:"/>
    <property name="sun.cpu.endian" value="little"/>
    <property name="user.home" value="/home/daniela"/>
    <property name="user.language" value="en"/>
    <property name="java.specification.vendor" value="Oracle Corporation"/>
    <property name="java.version.date" value="2024-10-15"/>
    <property name="java.home" value="/home/daniela/.sdkman/candidates/java/11.0.25-tem"/>
    <property name="file.separator" value="/"/>
    <property name="basedir" value="/home/daniela/Downloads/EMB-master/jdk_11_maven/cs/rest-gui/market/market-web"/>
    <property name="java.vm.compressedOopsMode" value="Zero based"/>
    <property name="line.separator" value="&#10;"/>
    <property name="java.specification.name" value="Java Platform API Specification"/>
    <property name="java.vm.specification.vendor" value="Oracle Corporation"/>
    <property name="FILE_LOG_CHARSET" value="UTF-8"/>
    <property name="java.awt.graphicsenv" value="sun.awt.X11GraphicsEnvironment"/>
    <property name="java.awt.headless" value="true"/>
    <property name="surefire.real.class.path" value="/home/daniela/Downloads/EMB-master/jdk_11_maven/cs/rest-gui/market/market-web/target/surefire/surefirebooter10949726026689993173.jar"/>
    <property name="sun.management.compiler" value="HotSpot 64-Bit Tiered Compilers"/>
    <property name="java.runtime.version" value="11.0.25+9"/>
    <property name="user.name" value="daniela"/>
    <property name="path.separator" value=":"/>
    <property name="os.version" value="6.8.0-51-generic"/>
    <property name="java.runtime.name" value="OpenJDK Runtime Environment"/>
    <property name="file.encoding" value="UTF-8"/>
    <property name="spring.beaninfo.ignore" value="true"/>
    <property name="java.vm.name" value="OpenJDK 64-Bit Server VM"/>
    <property name="java.vendor.version" value="Temurin-11.0.25+9"/>
    <property name="localRepository" value="/home/daniela/.m2/repository"/>
    <property name="java.vendor.url.bug" value="https://github.com/adoptium/adoptium-support/issues"/>
    <property name="java.io.tmpdir" value="/tmp"/>
    <property name="java.version" value="11.0.25"/>
    <property name="user.dir" value="/home/daniela/Downloads/EMB-master/jdk_11_maven/cs/rest-gui/market/market-web"/>
    <property name="os.arch" value="amd64"/>
    <property name="java.vm.specification.name" value="Java Virtual Machine Specification"/>
    <property name="PID" value="82542"/>
    <property name="java.awt.printerjob" value="sun.print.PSPrinterJob"/>
    <property name="sun.os.patch.level" value="unknown"/>
    <property name="CONSOLE_LOG_CHARSET" value="UTF-8"/>
    <property name="java.library.path" value="/usr/java/packages/lib:/usr/lib64:/lib64:/lib:/usr/lib"/>
    <property name="java.vm.info" value="mixed mode"/>
    <property name="java.vendor" value="Eclipse Adoptium"/>
    <property name="java.vm.version" value="11.0.25+9"/>
    <property name="java.specification.maintenance.version" value="3"/>
    <property name="sun.io.unicode.encoding" value="UnicodeLittle"/>
    <property name="java.class.version" value="55.0"/>
  </properties>
  <testcase name="allProducts_byDistillery" classname="market.controller.backend.ProductControllerTest" time="0.015">
    <system-out><![CDATA[2025-01-25 16:17:55,667 INFO  [main] o.s.b.t.a.w.s.WebMvcTestContextBootstrapper - Neither @ContextConfiguration nor @ContextHierarchy found for test class [market.controller.backend.ProductControllerTest], using SpringBootContextLoader
2025-01-25 16:17:55,673 INFO  [main] o.s.t.c.s.AbstractContextLoader - Could not detect default resource locations for test class [market.controller.backend.ProductControllerTest]: no resource found for suffixes {-context.xml, Context.groovy}.
2025-01-25 16:17:55,673 INFO  [main] o.s.t.c.s.AnnotationConfigContextLoaderUtils - Could not detect default configuration classes for test class [market.controller.backend.ProductControllerTest]: ProductControllerTest does not declare any static, non-private, non-final, nested classes annotated with @Configuration.
2025-01-25 16:17:55,677 INFO  [main] o.s.b.t.c.SpringBootTestContextBootstrapper - Found @SpringBootConfiguration market.controller.Application for test class market.controller.backend.ProductControllerTest
2025-01-25 16:17:55,678 INFO  [main] o.s.b.t.a.w.s.WebMvcTestContextBootstrapper - Loaded default TestExecutionListener class names from location [META-INF/spring.factories]: [org.springframework.boot.test.mock.mockito.MockitoTestExecutionListener, org.springframework.boot.test.mock.mockito.ResetMocksTestExecutionListener, org.springframework.boot.test.autoconfigure.restdocs.RestDocsTestExecutionListener, org.springframework.boot.test.autoconfigure.web.client.MockRestServiceServerResetTestExecutionListener, org.springframework.boot.test.autoconfigure.web.servlet.MockMvcPrintOnlyOnFailureTestExecutionListener, org.springframework.boot.test.autoconfigure.web.servlet.WebDriverTestExecutionListener, org.springframework.boot.test.autoconfigure.webservices.client.MockWebServiceServerTestExecutionListener, org.springframework.test.context.web.ServletTestExecutionListener, org.springframework.test.context.support.DirtiesContextBeforeModesTestExecutionListener, org.springframework.test.context.event.ApplicationEventsTestExecutionListener, org.springframework.test.context.support.DependencyInjectionTestExecutionListener, org.springframework.test.context.support.DirtiesContextTestExecutionListener, org.springframework.test.context.transaction.TransactionalTestExecutionListener, org.springframework.test.context.jdbc.SqlScriptsTestExecutionListener, org.springframework.test.context.event.EventPublishingTestExecutionListener]
2025-01-25 16:17:55,678 INFO  [main] o.s.b.t.a.w.s.WebMvcTestContextBootstrapper - Using TestExecutionListeners: [org.springframework.test.context.web.ServletTestExecutionListener@6b118680, org.springframework.test.context.support.DirtiesContextBeforeModesTestExecutionListener@3162e222, org.springframework.test.context.event.ApplicationEventsTestExecutionListener@45594ad4, org.springframework.boot.test.mock.mockito.MockitoTestExecutionListener@4b4eece8, org.springframework.boot.test.autoconfigure.SpringBootDependencyInjectionTestExecutionListener@2c0c5687, org.springframework.test.context.support.DirtiesContextTestExecutionListener@a59c2d6, org.springframework.test.context.transaction.TransactionalTestExecutionListener@55936a3, org.springframework.test.context.jdbc.SqlScriptsTestExecutionListener@39cca34c, org.springframework.test.context.event.EventPublishingTestExecutionListener@77ba729c, org.springframework.boot.test.mock.mockito.ResetMocksTestExecutionListener@33b151cf, org.springframework.boot.test.autoconfigure.restdocs.RestDocsTestExecutionListener@7f118534, org.springframework.boot.test.autoconfigure.web.client.MockRestServiceServerResetTestExecutionListener@239b8f59, org.springframework.boot.test.autoconfigure.web.servlet.MockMvcPrintOnlyOnFailureTestExecutionListener@7912724, org.springframework.boot.test.autoconfigure.web.servlet.WebDriverTestExecutionListener@3e972130, org.springframework.boot.test.autoconfigure.webservices.client.MockWebServiceServerTestExecutionListener@4ddc2bf3]

  .   ____          _            __ _ _
 /\\ / ___'_ __ _ _(_)_ __  __ _ \ \ \ \
( ( )\___ | '_ | '_| | '_ \/ _` | \ \ \ \
 \\/  ___)| |_)| | | | | || (_| |  ) ) ) )
  '  |____| .__|_| |_|_| |_\__, | / / / /
 =========|_|==============|___/=/_/_/_/
 :: Spring Boot ::                (v2.4.3)

2025-01-25 16:17:55,719 INFO  [main] m.c.b.ProductControllerTest - Starting ProductControllerTest using Java 11.0.25 on daniela-VirtualBox with PID 82542 (started by daniela in /home/daniela/Downloads/EMB-master/jdk_11_maven/cs/rest-gui/market/market-web)
2025-01-25 16:17:55,736 DEBUG [main] m.c.b.ProductControllerTest - Running with Spring Boot v2.4.3, Spring v5.3.4
2025-01-25 16:17:55,739 INFO  [main] m.c.b.ProductControllerTest - No active profile set, falling back to default profiles: default
2025-01-25 16:17:55,755 WARN  [main] o.s.b.c.c.ConfigDataEnvironment - Property 'spring.profiles' imported from location 'class path resource [application.yml]' is invalid and should be replaced with 'spring.config.activate.on-profile' [origin: class path resource [application.yml] - 41:13]
2025-01-25 16:17:55,758 WARN  [main] o.s.b.c.c.ConfigDataEnvironment - Property 'spring.profiles' imported from location 'class path resource [application.yml]' is invalid and should be replaced with 'spring.config.activate.on-profile' [origin: class path resource [application.yml] - 24:13]
2025-01-25 16:17:56,175 INFO  [main] o.s.s.c.ThreadPoolTaskExecutor - Initializing ExecutorService 'applicationTaskExecutor'
2025-01-25 16:17:56,190 INFO  [main] o.s.b.a.w.s.WelcomePageHandlerMapping - Adding welcome page template: index
2025-01-25 16:17:56,274 INFO  [main] o.s.b.a.s.s.UserDetailsServiceAutoConfiguration - 

Using generated security password: e5777a90-ba4c-48da-afd7-66cfb4ccfefe

2025-01-25 16:17:56,316 INFO  [main] o.s.s.w.DefaultSecurityFilterChain - Will secure any request with [org.springframework.security.web.context.request.async.WebAsyncManagerIntegrationFilter@2e27b0b2, org.springframework.security.web.context.SecurityContextPersistenceFilter@3fcbcea, org.springframework.security.web.header.HeaderWriterFilter@1cd80de2, org.springframework.security.web.csrf.CsrfFilter@752e8e44, org.springframework.security.web.authentication.logout.LogoutFilter@42d6f75e, org.springframework.security.web.authentication.UsernamePasswordAuthenticationFilter@10e58da9, org.springframework.security.web.authentication.ui.DefaultLoginPageGeneratingFilter@6a250421, org.springframework.security.web.authentication.ui.DefaultLogoutPageGeneratingFilter@946658d, org.springframework.security.web.authentication.www.BasicAuthenticationFilter@7bf92bcc, org.springframework.security.web.savedrequest.RequestCacheAwareFilter@709b0805, org.springframework.security.web.servletapi.SecurityContextHolderAwareRequestFilter@2c70bce9, org.springframework.security.web.authentication.AnonymousAuthenticationFilter@35f229c9, org.springframework.security.web.session.SessionManagementFilter@2a15e54, org.springframework.security.web.access.ExceptionTranslationFilter@5e95b020, org.springframework.security.web.access.intercept.FilterSecurityInterceptor@8b5fe6d]
2025-01-25 16:17:56,339 INFO  [main] o.s.b.t.m.w.SpringBootMockServletContext - Initializing Spring TestDispatcherServlet ''
2025-01-25 16:17:56,339 INFO  [main] o.s.t.w.s.TestDispatcherServlet - Initializing Servlet ''
2025-01-25 16:17:56,340 INFO  [main] o.s.t.w.s.TestDispatcherServlet - Completed initialization in 1 ms
2025-01-25 16:17:56,346 INFO  [main] m.c.b.ProductControllerTest - Started ProductControllerTest in 0.665 seconds (JVM running for 8.574)
2025-01-25 16:17:56,358 INFO  [main] o.s.m.w.MockServletContext - Initializing Spring TestDispatcherServlet ''
2025-01-25 16:17:56,358 INFO  [main] o.s.t.w.s.TestDispatcherServlet - Initializing Servlet ''
2025-01-25 16:17:56,359 INFO  [main] o.s.t.w.s.TestDispatcherServlet - Completed initialization in 1 ms
]]></system-out>
  </testcase>
  <testcase name="allProducts" classname="market.controller.backend.ProductControllerTest" time="0.016">
    <system-out><![CDATA[2025-01-25 16:17:56,376 INFO  [main] o.s.m.w.MockServletContext - Initializing Spring TestDispatcherServlet ''
2025-01-25 16:17:56,376 INFO  [main] o.s.t.w.s.TestDispatcherServlet - Initializing Servlet ''
2025-01-25 16:17:56,376 INFO  [main] o.s.t.w.s.TestDispatcherServlet - Completed initialization in 0 ms
]]></system-out>
  </testcase>
  <testcase name="deleteProduct" classname="market.controller.backend.ProductControllerTest" time="0.07">
    <system-out><![CDATA[2025-01-25 16:17:56,451 INFO  [main] o.s.m.w.MockServletContext - Initializing Spring TestDispatcherServlet ''
2025-01-25 16:17:56,451 INFO  [main] o.s.t.w.s.TestDispatcherServlet - Initializing Servlet ''
2025-01-25 16:17:56,451 INFO  [main] o.s.t.w.s.TestDispatcherServlet - Completed initialization in 0 ms
]]></system-out>
  </testcase>
  <testcase name="putProduct" classname="market.controller.backend.ProductControllerTest" time="0.242">
    <system-out><![CDATA[2025-01-25 16:17:56,500 INFO  [main] o.s.m.w.MockServletContext - Initializing Spring TestDispatcherServlet ''
2025-01-25 16:17:56,501 INFO  [main] o.s.t.w.s.TestDispatcherServlet - Initializing Servlet ''
2025-01-25 16:17:56,501 INFO  [main] o.s.t.w.s.TestDispatcherServlet - Completed initialization in 0 ms
]]></system-out>
  </testcase>
  <testcase name="postProduct" classname="market.controller.backend.ProductControllerTest" time="0.054">
    <system-out><![CDATA[2025-01-25 16:17:56,746 INFO  [main] o.s.m.w.MockServletContext - Initializing Spring TestDispatcherServlet ''
2025-01-25 16:17:56,746 INFO  [main] o.s.t.w.s.TestDispatcherServlet - Initializing Servlet ''
2025-01-25 16:17:56,746 INFO  [main] o.s.t.w.s.TestDispatcherServlet - Completed initialization in 0 ms
]]></system-out>
  </testcase>
  <testcase name="newProduct" classname="market.controller.backend.ProductControllerTest" time="0.021">
    <system-out><![CDATA[2025-01-25 16:17:56,783 INFO  [main] o.s.m.w.MockServletContext - Initializing Spring TestDispatcherServlet ''
2025-01-25 16:17:56,783 INFO  [main] o.s.t.w.s.TestDispatcherServlet - Initializing Servlet ''
2025-01-25 16:17:56,783 INFO  [main] o.s.t.w.s.TestDispatcherServlet - Completed initialization in 0 ms
]]></system-out>
  </testcase>
  <testcase name="editProduct" classname="market.controller.backend.ProductControllerTest" time="0.045">
    <system-out><![CDATA[2025-01-25 16:17:56,800 INFO  [main] o.s.m.w.MockServletContext - Initializing Spring TestDispatcherServlet ''
2025-01-25 16:17:56,800 INFO  [main] o.s.t.w.s.TestDispatcherServlet - Initializing Servlet ''
2025-01-25 16:17:56,800 INFO  [main] o.s.t.w.s.TestDispatcherServlet - Completed initialization in 0 ms
]]></system-out>
  </testcase>
</testsuite>